<?xml version="1.0" encoding="UTF-8"?>
<!-- Generated by org.testng.reporters.JUnitXMLReporter -->
<testsuite ignored="1" hostname="Amritas-MacBook-Air.local" failures="0" tests="2" name="Test" time="117.941" errors="0" timestamp="2025-08-15T10:47:31 IST">
  <testcase classname="testCases.TC001_AccountRegistrationTest" name="testAccountRegistration" time="9.595"/>
  <testcase classname="testCases.TC002_LoginTest" name="testLogin" time="5.679"/>
  <testcase classname="testCases.TC003_LoginTestDDT" name="testLoginDDT" time="0.0">
    <ignored/>
  </testcase> <!-- testLoginDDT -->
</testsuite> <!-- Test -->
