<?xml version="1.0" encoding="UTF-8"?>
<!-- Generated by org.testng.reporters.JUnitXMLReporter -->
<testsuite ignored="0" hostname="Amritas-MacBook-Air.local" failures="0" tests="6" name="Test" time="191.501" errors="0" timestamp="2025-08-18T14:30:40 IST">
  <testcase classname="testCases.TC001_AccountRegistrationTest" name="testAccountRegistration" time="9.799"/>
  <testcase classname="testCases.TC002_LoginTest" name="testLogin" time="6.301"/>
  <testcase classname="testCases.TC003_LoginTestDDT" name="testLoginDDT" time="7.076"/>
  <testcase classname="testCases.TC003_LoginTestDDT" name="testLoginDDT" time="16.691"/>
  <testcase classname="testCases.TC003_LoginTestDDT" name="testLoginDDT" time="15.897"/>
  <testcase classname="testCases.TC003_LoginTestDDT" name="testLoginDDT" time="12.121"/>
</testsuite> <!-- Test -->
