<?xml version="1.0" encoding="UTF-8"?>
<testng-results ignored="0" total="6" passed="6" failed="0" skipped="0">
  <reporter-output>
  </reporter-output>
  <suite started-at="2025-08-18T14:27:28 IST" name="Automation Suite" finished-at="2025-08-18T14:30:40 IST" duration-ms="191501">
    <groups>
      <group name="datadriven">
        <method signature="TC003_LoginTestDDT.testLoginDDT(java.lang.String,java.lang.String,java.lang.String)[pri:0, instance:testCases.TC003_LoginTestDDT@2d1ef81a]" name="testLoginDDT" class="testCases.TC003_LoginTestDDT"/>
      </group> <!-- datadriven -->
      <group name="regression">
        <method signature="TC001_AccountRegistrationTest.testAccountRegistration()[pri:0, instance:testCases.TC001_AccountRegistrationTest@3e694b3f]" name="testAccountRegistration" class="testCases.TC001_AccountRegistrationTest"/>
        <method signature="TC002_LoginTest.testLogin()[pri:0, instance:testCases.TC002_LoginTest@22ff4249]" name="testLogin" class="testCases.TC002_LoginTest"/>
      </group> <!-- regression -->
      <group name="sanity">
        <method signature="TC001_AccountRegistrationTest.testAccountRegistration()[pri:0, instance:testCases.TC001_AccountRegistrationTest@3e694b3f]" name="testAccountRegistration" class="testCases.TC001_AccountRegistrationTest"/>
        <method signature="TC002_LoginTest.testLogin()[pri:0, instance:testCases.TC002_LoginTest@22ff4249]" name="testLogin" class="testCases.TC002_LoginTest"/>
      </group> <!-- sanity -->
    </groups>
    <test started-at="2025-08-18T14:27:28 IST" name="Test" finished-at="2025-08-18T14:30:40 IST" duration-ms="191501">
      <class name="testCases.TC002_LoginTest">
        <test-method is-config="true" signature="setup(java.lang.String,java.lang.String)[pri:0, instance:testCases.TC002_LoginTest@22ff4249]" started-at="2025-08-18T14:27:59 IST" name="setup" finished-at="2025-08-18T14:28:18 IST" duration-ms="19206" status="PASS">
          <params>
            <param index="0">
              <value>
                <![CDATA[chrome]]>
              </value>
            </param>
            <param index="1">
              <value>
                <![CDATA[mac]]>
              </value>
            </param>
          </params>
          <reporter-output>
          </reporter-output>
        </test-method> <!-- setup -->
        <test-method signature="testLogin()[pri:0, instance:testCases.TC002_LoginTest@22ff4249]" started-at="2025-08-18T14:28:18 IST" name="testLogin" finished-at="2025-08-18T14:28:24 IST" duration-ms="6301" status="PASS">
          <reporter-output>
          </reporter-output>
        </test-method> <!-- testLogin -->
        <test-method is-config="true" signature="tearDown()[pri:0, instance:testCases.TC002_LoginTest@22ff4249]" started-at="2025-08-18T14:28:24 IST" name="tearDown" finished-at="2025-08-18T14:28:24 IST" duration-ms="127" status="PASS">
          <reporter-output>
          </reporter-output>
        </test-method> <!-- tearDown -->
      </class> <!-- testCases.TC002_LoginTest -->
      <class name="testCases.TC003_LoginTestDDT">
        <test-method is-config="true" signature="setup(java.lang.String,java.lang.String)[pri:0, instance:testCases.TC003_LoginTestDDT@2d1ef81a]" started-at="2025-08-18T14:28:26 IST" name="setup" finished-at="2025-08-18T14:28:46 IST" duration-ms="19997" status="PASS">
          <params>
            <param index="0">
              <value>
                <![CDATA[chrome]]>
              </value>
            </param>
            <param index="1">
              <value>
                <![CDATA[mac]]>
              </value>
            </param>
          </params>
          <reporter-output>
          </reporter-output>
        </test-method> <!-- setup -->
        <test-method signature="testLoginDDT(java.lang.String,java.lang.String,java.lang.String)[pri:0, instance:testCases.TC003_LoginTestDDT@2d1ef81a]" started-at="2025-08-18T14:28:46 IST" name="testLoginDDT" data-provider="LoginData" finished-at="2025-08-18T14:28:53 IST" duration-ms="7076" status="PASS">
          <params>
            <param index="0">
              <value>
                <![CDATA[asde@gmail.com]]>
              </value>
            </param>
            <param index="1">
              <value>
                <![CDATA[1234]]>
              </value>
            </param>
            <param index="2">
              <value>
                <![CDATA[valid]]>
              </value>
            </param>
          </params>
          <reporter-output>
          </reporter-output>
        </test-method> <!-- testLoginDDT -->
        <test-method is-config="true" signature="tearDown()[pri:0, instance:testCases.TC003_LoginTestDDT@2d1ef81a]" started-at="2025-08-18T14:28:53 IST" name="tearDown" finished-at="2025-08-18T14:28:53 IST" duration-ms="146" status="PASS">
          <reporter-output>
          </reporter-output>
        </test-method> <!-- tearDown -->
        <test-method is-config="true" signature="setup(java.lang.String,java.lang.String)[pri:0, instance:testCases.TC003_LoginTestDDT@2d1ef81a]" started-at="2025-08-18T14:28:53 IST" name="setup" finished-at="2025-08-18T14:29:13 IST" duration-ms="19383" status="PASS">
          <params>
            <param index="0">
              <value>
                <![CDATA[chrome]]>
              </value>
            </param>
            <param index="1">
              <value>
                <![CDATA[mac]]>
              </value>
            </param>
          </params>
          <reporter-output>
          </reporter-output>
        </test-method> <!-- setup -->
        <test-method signature="testLoginDDT(java.lang.String,java.lang.String,java.lang.String)[pri:0, instance:testCases.TC003_LoginTestDDT@2d1ef81a]" started-at="2025-08-18T14:29:13 IST" name="testLoginDDT" data-provider="LoginData" finished-at="2025-08-18T14:29:29 IST" duration-ms="16691" status="PASS">
          <params>
            <param index="0">
              <value>
                <![CDATA[shawamrita04@gmail.com]]>
              </value>
            </param>
            <param index="1">
              <value>
                <![CDATA[1234]]>
              </value>
            </param>
            <param index="2">
              <value>
                <![CDATA[invalid]]>
              </value>
            </param>
          </params>
          <reporter-output>
          </reporter-output>
        </test-method> <!-- testLoginDDT -->
        <test-method is-config="true" signature="tearDown()[pri:0, instance:testCases.TC003_LoginTestDDT@2d1ef81a]" started-at="2025-08-18T14:29:29 IST" name="tearDown" finished-at="2025-08-18T14:29:29 IST" duration-ms="169" status="PASS">
          <reporter-output>
          </reporter-output>
        </test-method> <!-- tearDown -->
        <test-method is-config="true" signature="setup(java.lang.String,java.lang.String)[pri:0, instance:testCases.TC003_LoginTestDDT@2d1ef81a]" started-at="2025-08-18T14:29:29 IST" name="setup" finished-at="2025-08-18T14:29:49 IST" duration-ms="19300" status="PASS">
          <params>
            <param index="0">
              <value>
                <![CDATA[chrome]]>
              </value>
            </param>
            <param index="1">
              <value>
                <![CDATA[mac]]>
              </value>
            </param>
          </params>
          <reporter-output>
          </reporter-output>
        </test-method> <!-- setup -->
        <test-method signature="testLoginDDT(java.lang.String,java.lang.String,java.lang.String)[pri:0, instance:testCases.TC003_LoginTestDDT@2d1ef81a]" started-at="2025-08-18T14:29:49 IST" name="testLoginDDT" data-provider="LoginData" finished-at="2025-08-18T14:30:05 IST" duration-ms="15897" status="PASS">
          <params>
            <param index="0">
              <value>
                <![CDATA[sfrde@gmail.com]]>
              </value>
            </param>
            <param index="1">
              <value>
                <![CDATA[Amrita]]>
              </value>
            </param>
            <param index="2">
              <value>
                <![CDATA[invalid]]>
              </value>
            </param>
          </params>
          <reporter-output>
          </reporter-output>
        </test-method> <!-- testLoginDDT -->
        <test-method is-config="true" signature="tearDown()[pri:0, instance:testCases.TC003_LoginTestDDT@2d1ef81a]" started-at="2025-08-18T14:30:05 IST" name="tearDown" finished-at="2025-08-18T14:30:05 IST" duration-ms="158" status="PASS">
          <reporter-output>
          </reporter-output>
        </test-method> <!-- tearDown -->
        <test-method is-config="true" signature="setup(java.lang.String,java.lang.String)[pri:0, instance:testCases.TC003_LoginTestDDT@2d1ef81a]" started-at="2025-08-18T14:30:05 IST" name="setup" finished-at="2025-08-18T14:30:27 IST" duration-ms="22076" status="PASS">
          <params>
            <param index="0">
              <value>
                <![CDATA[chrome]]>
              </value>
            </param>
            <param index="1">
              <value>
                <![CDATA[mac]]>
              </value>
            </param>
          </params>
          <reporter-output>
          </reporter-output>
        </test-method> <!-- setup -->
        <test-method signature="testLoginDDT(java.lang.String,java.lang.String,java.lang.String)[pri:0, instance:testCases.TC003_LoginTestDDT@2d1ef81a]" started-at="2025-08-18T14:30:27 IST" name="testLoginDDT" data-provider="LoginData" finished-at="2025-08-18T14:30:39 IST" duration-ms="12121" status="PASS">
          <params>
            <param index="0">
              <value>
                <![CDATA[shawamrita04@gmail.com]]>
              </value>
            </param>
            <param index="1">
              <value>
                <![CDATA[Amrita]]>
              </value>
            </param>
            <param index="2">
              <value>
                <![CDATA[valid]]>
              </value>
            </param>
          </params>
          <reporter-output>
          </reporter-output>
        </test-method> <!-- testLoginDDT -->
        <test-method is-config="true" signature="tearDown()[pri:0, instance:testCases.TC003_LoginTestDDT@2d1ef81a]" started-at="2025-08-18T14:30:39 IST" name="tearDown" finished-at="2025-08-18T14:30:40 IST" duration-ms="171" status="PASS">
          <reporter-output>
          </reporter-output>
        </test-method> <!-- tearDown -->
      </class> <!-- testCases.TC003_LoginTestDDT -->
      <class name="testCases.TC001_AccountRegistrationTest">
        <test-method is-config="true" signature="setup(java.lang.String,java.lang.String)[pri:0, instance:testCases.TC001_AccountRegistrationTest@3e694b3f]" started-at="2025-08-18T14:27:29 IST" name="setup" finished-at="2025-08-18T14:27:48 IST" duration-ms="19285" status="PASS">
          <params>
            <param index="0">
              <value>
                <![CDATA[chrome]]>
              </value>
            </param>
            <param index="1">
              <value>
                <![CDATA[mac]]>
              </value>
            </param>
          </params>
          <reporter-output>
          </reporter-output>
        </test-method> <!-- setup -->
        <test-method signature="testAccountRegistration()[pri:0, instance:testCases.TC001_AccountRegistrationTest@3e694b3f]" started-at="2025-08-18T14:27:48 IST" name="testAccountRegistration" finished-at="2025-08-18T14:27:58 IST" duration-ms="9799" status="PASS">
          <reporter-output>
          </reporter-output>
        </test-method> <!-- testAccountRegistration -->
        <test-method is-config="true" signature="tearDown()[pri:0, instance:testCases.TC001_AccountRegistrationTest@3e694b3f]" started-at="2025-08-18T14:27:59 IST" name="tearDown" finished-at="2025-08-18T14:27:59 IST" duration-ms="178" status="PASS">
          <reporter-output>
          </reporter-output>
        </test-method> <!-- tearDown -->
      </class> <!-- testCases.TC001_AccountRegistrationTest -->
    </test> <!-- Test -->
  </suite> <!-- Automation Suite -->
</testng-results>
